;  LST file generated by mikroListExporter - v.2.0 
; Date/Time: 7/30/2023 10:29:50 PM
;----------------------------------------------

;Address Opcode 	ASM
0x0000	0x2830      	GOTO       48
_interrupt:
0x0004	0x00FF      	MOVWF      R15
0x0005	0x0E03      	SWAPF      STATUS, 0
0x0006	0x0183      	CLRF       STATUS
0x0007	0x00AC      	MOVWF      ___saveSTATUS
0x0008	0x080A      	MOVF       PCLATH, 0
0x0009	0x00AD      	MOVWF      ___savePCLATH
0x000A	0x018A      	CLRF       PCLATH
;MyProject.c,21 :: 		void interrupt()
;MyProject.c,23 :: 		if (INTCON.INTF)
0x000B	0x1C8B      	BTFSS      INTCON, 1
0x000C	0x2816      	GOTO       L_interrupt0
;MyProject.c,26 :: 		INTCON.INTF = 0;
0x000D	0x108B      	BCF        INTCON, 1
;MyProject.c,28 :: 		statue = 1 - statue;
0x000E	0x0824      	MOVF       _statue, 0
0x000F	0x3C01      	SUBLW      1
0x0010	0x00A4      	MOVWF      _statue
0x0011	0x0825      	MOVF       _statue+1, 0
0x0012	0x1C03      	BTFSS      STATUS, 0
0x0013	0x3E01      	ADDLW      1
0x0014	0x01A5      	CLRF       _statue+1
0x0015	0x02A5      	SUBWF      _statue+1, 1
;MyProject.c,29 :: 		}
L_interrupt0:
;MyProject.c,30 :: 		}
L_end_interrupt:
L__interrupt70:
0x0016	0x082D      	MOVF       ___savePCLATH, 0
0x0017	0x008A      	MOVWF      PCLATH
0x0018	0x0E2C      	SWAPF      ___saveSTATUS, 0
0x0019	0x0083      	MOVWF      STATUS
0x001A	0x0EFF      	SWAPF      R15, 1
0x001B	0x0E7F      	SWAPF      R15, 0
0x001C	0x0009      	RETFIE
; end of _interrupt
_____DoICP:
;__Lib_System.c,6 :: 		
;__Lib_System.c,9 :: 		
0x001D	0x1283      	BCF        STATUS, 5
0x001E	0x1303      	BCF        STATUS, 6
0x001F	0x082B      	MOVF       ___DoICPAddr+1, 0
0x0020	0x008A      	MOVWF      PCLATH
;__Lib_System.c,10 :: 		
0x0021	0x082A      	MOVF       ___DoICPAddr, 0
0x0022	0x0082      	MOVWF      PCL
;__Lib_System.c,12 :: 		
L_end_____DoICP:
0x0023	0x0008      	RETURN
; end of _____DoICP
___CC2DW:
;__Lib_System.c,134 :: 		
;__Lib_System.c,137 :: 		
_CC2D_Loop1:
;__Lib_System.c,139 :: 		
0x0024	0x201D      	CALL       _____DoICP
0x0025	0x118A      	BCF        PCLATH, 3
0x0026	0x120A      	BCF        PCLATH, 4
;__Lib_System.c,141 :: 		
0x0027	0x0080      	MOVWF      INDF
;__Lib_System.c,142 :: 		
0x0028	0x0A84      	INCF       FSR, 1
;__Lib_System.c,143 :: 		
0x0029	0x0AAA      	INCF       ___DoICPAddr, 1
;__Lib_System.c,145 :: 		
0x002A	0x1903      	BTFSC      STATUS, 2
;__Lib_System.c,146 :: 		
0x002B	0x0AAB      	INCF       ___DoICPAddr+1, 1
;__Lib_System.c,147 :: 		
0x002C	0x03F0      	DECF       R0, 1
;__Lib_System.c,149 :: 		
0x002D	0x1D03      	BTFSS      STATUS, 2
;__Lib_System.c,150 :: 		
0x002E	0x2824      	GOTO       _CC2D_Loop1
;__Lib_System.c,152 :: 		
L_end___CC2DW:
0x002F	0x0008      	RETURN
; end of ___CC2DW
_main:
0x0030	0x1283      	BCF        STATUS, 5
0x0031	0x1303      	BCF        STATUS, 6
0x0032	0x01A0      	CLRF       _onesCnt
0x0033	0x01A1      	CLRF       33
0x0034	0x3001      	MOVLW      1
0x0035	0x00A2      	MOVWF      _firstSwitch
0x0036	0x01A3      	CLRF       35
0x0037	0x3001      	MOVLW      1
0x0038	0x00A4      	MOVWF      _statue
0x0039	0x01A5      	CLRF       37
0x003A	0x01A6      	CLRF       _tensCnt
0x003B	0x01A7      	CLRF       39
0x003C	0x3001      	MOVLW      1
0x003D	0x00A8      	MOVWF      _south
0x003E	0x01A9      	CLRF       41
;MyProject.c,32 :: 		void main()
;MyProject.c,36 :: 		TRISB0_bit = 1;
0x003F	0x1683      	BSF        STATUS, 5
0x0040	0x1406      	BSF        TRISB0_bit, BitPos(TRISB0_bit+0)
;MyProject.c,37 :: 		OPTION_REG.INTEDG = 0; // Set interrupt on falling edge (change this if you need rising edge)
0x0041	0x1301      	BCF        OPTION_REG, 6
;MyProject.c,39 :: 		INTCON.INTE = 1; // Enable the external interrupt
0x0042	0x160B      	BSF        INTCON, 4
;MyProject.c,40 :: 		INTCON.GIE = 1;  // Enable global interrupt
0x0043	0x178B      	BSF        INTCON, 7
;MyProject.c,43 :: 		trisd = 0;
0x0044	0x0188      	CLRF       TRISD
;MyProject.c,44 :: 		portd = 0;
0x0045	0x1283      	BCF        STATUS, 5
0x0046	0x0188      	CLRF       PORTD
;MyProject.c,46 :: 		trisc = 0;
0x0047	0x1683      	BSF        STATUS, 5
0x0048	0x0187      	CLRF       TRISC
;MyProject.c,47 :: 		portc = 255;
0x0049	0x30FF      	MOVLW      255
0x004A	0x1283      	BCF        STATUS, 5
0x004B	0x0087      	MOVWF      PORTC
;MyProject.c,48 :: 		trisa = 0;
0x004C	0x1683      	BSF        STATUS, 5
0x004D	0x0185      	CLRF       TRISA
;MyProject.c,49 :: 		porta = 255;
0x004E	0x30FF      	MOVLW      255
0x004F	0x1283      	BCF        STATUS, 5
0x0050	0x0085      	MOVWF      PORTA
;MyProject.c,50 :: 		trise = 0;
0x0051	0x1683      	BSF        STATUS, 5
0x0052	0x0189      	CLRF       TRISE
;MyProject.c,51 :: 		porte = 0;
0x0053	0x1283      	BCF        STATUS, 5
0x0054	0x0189      	CLRF       PORTE
;MyProject.c,52 :: 		trisb.b1 = 1;
0x0055	0x1683      	BSF        STATUS, 5
0x0056	0x1486      	BSF        TRISB, 1
;MyProject.c,53 :: 		while (1)
L_main1:
;MyProject.c,55 :: 		if (statue == 0)
0x0057	0x3000      	MOVLW      0
0x0058	0x1283      	BCF        STATUS, 5
0x0059	0x0625      	XORWF      _statue+1, 0
0x005A	0x1D03      	BTFSS      STATUS, 2
0x005B	0x285E      	GOTO       L__main72
0x005C	0x3000      	MOVLW      0
0x005D	0x0624      	XORWF      _statue, 0
L__main72:
0x005E	0x1D03      	BTFSS      STATUS, 2
0x005F	0x28DE      	GOTO       L_main3
;MyProject.c,59 :: 		if (south)
0x0060	0x0828      	MOVF       _south, 0
0x0061	0x0429      	IORWF      _south+1, 0
0x0062	0x1903      	BTFSC      STATUS, 2
0x0063	0x28A4      	GOTO       L_main4
;MyProject.c,61 :: 		if (portb.b1 || firstSwitch)
0x0064	0x1886      	BTFSC      PORTB, 1
0x0065	0x286B      	GOTO       L__main68
0x0066	0x0822      	MOVF       _firstSwitch, 0
0x0067	0x0423      	IORWF      _firstSwitch+1, 0
0x0068	0x1D03      	BTFSS      STATUS, 2
0x0069	0x286B      	GOTO       L__main68
0x006A	0x28A3      	GOTO       L_main7
L__main68:
;MyProject.c,63 :: 		while (portb.b1)
L_main8:
0x006B	0x1C86      	BTFSS      PORTB, 1
0x006C	0x286E      	GOTO       L_main9
;MyProject.c,64 :: 		;
0x006D	0x286B      	GOTO       L_main8
L_main9:
;MyProject.c,65 :: 		firstSwitch = 0;
0x006E	0x01A2      	CLRF       _firstSwitch
0x006F	0x01A3      	CLRF       _firstSwitch+1
;MyProject.c,66 :: 		portd = 0b10001;
0x0070	0x3011      	MOVLW      17
0x0071	0x0088      	MOVWF      PORTD
;MyProject.c,67 :: 		porte = 2;
0x0072	0x3002      	MOVLW      2
0x0073	0x0089      	MOVWF      PORTE
;MyProject.c,68 :: 		for (onesCnt = 3; onesCnt >= 0; onesCnt--)
0x0074	0x3003      	MOVLW      3
0x0075	0x00A0      	MOVWF      _onesCnt
0x0076	0x3000      	MOVLW      0
0x0077	0x00A1      	MOVWF      _onesCnt+1
L_main10:
0x0078	0x3080      	MOVLW      128
0x0079	0x0621      	XORWF      _onesCnt+1, 0
0x007A	0x00F0      	MOVWF      R0
0x007B	0x3080      	MOVLW      128
0x007C	0x0270      	SUBWF      R0, 0
0x007D	0x1D03      	BTFSS      STATUS, 2
0x007E	0x2881      	GOTO       L__main73
0x007F	0x3000      	MOVLW      0
0x0080	0x0220      	SUBWF      _onesCnt, 0
L__main73:
0x0081	0x1C03      	BTFSS      STATUS, 0
0x0082	0x2898      	GOTO       L_main11
;MyProject.c,70 :: 		Ones = onesCnt;
0x0083	0x0820      	MOVF       _onesCnt, 0
0x0084	0x0085      	MOVWF      PORTA
;MyProject.c,71 :: 		sec;
0x0085	0x300B      	MOVLW      11
0x0086	0x00FB      	MOVWF      R11
0x0087	0x3026      	MOVLW      38
0x0088	0x00FC      	MOVWF      R12
0x0089	0x305D      	MOVLW      93
0x008A	0x00FD      	MOVWF      R13
L_main13:
0x008B	0x0BFD      	DECFSZ     R13, 1
0x008C	0x288B      	GOTO       L_main13
0x008D	0x0BFC      	DECFSZ     R12, 1
0x008E	0x288B      	GOTO       L_main13
0x008F	0x0BFB      	DECFSZ     R11, 1
0x0090	0x288B      	GOTO       L_main13
0x0091	0x0000      	NOP
0x0092	0x0000      	NOP
;MyProject.c,68 :: 		for (onesCnt = 3; onesCnt >= 0; onesCnt--)
0x0093	0x3001      	MOVLW      1
0x0094	0x02A0      	SUBWF      _onesCnt, 1
0x0095	0x1C03      	BTFSS      STATUS, 0
0x0096	0x03A1      	DECF       _onesCnt+1, 1
;MyProject.c,72 :: 		}
0x0097	0x2878      	GOTO       L_main10
L_main11:
;MyProject.c,73 :: 		porte = 0;
0x0098	0x0189      	CLRF       PORTE
;MyProject.c,74 :: 		ledY2 = 0;
0x0099	0x1208      	BCF        PORTD, 4
;MyProject.c,75 :: 		ledG2 = 1;
0x009A	0x1688      	BSF        PORTD, 5
;MyProject.c,76 :: 		south = 1 - south;
0x009B	0x0828      	MOVF       _south, 0
0x009C	0x3C01      	SUBLW      1
0x009D	0x00A8      	MOVWF      _south
0x009E	0x0829      	MOVF       _south+1, 0
0x009F	0x1C03      	BTFSS      STATUS, 0
0x00A0	0x3E01      	ADDLW      1
0x00A1	0x01A9      	CLRF       _south+1
0x00A2	0x02A9      	SUBWF      _south+1, 1
;MyProject.c,77 :: 		}
L_main7:
;MyProject.c,78 :: 		}
0x00A3	0x28DD      	GOTO       L_main14
L_main4:
;MyProject.c,81 :: 		if (portb.b1)
0x00A4	0x1C86      	BTFSS      PORTB, 1
0x00A5	0x28DD      	GOTO       L_main15
;MyProject.c,83 :: 		while (portb.b1)
L_main16:
0x00A6	0x1C86      	BTFSS      PORTB, 1
0x00A7	0x28A9      	GOTO       L_main17
;MyProject.c,84 :: 		;
0x00A8	0x28A6      	GOTO       L_main16
L_main17:
;MyProject.c,85 :: 		portd = 0b1010;
0x00A9	0x300A      	MOVLW      10
0x00AA	0x0088      	MOVWF      PORTD
;MyProject.c,86 :: 		porte = 1;
0x00AB	0x3001      	MOVLW      1
0x00AC	0x0089      	MOVWF      PORTE
;MyProject.c,87 :: 		ledY1 = 1;
0x00AD	0x1488      	BSF        PORTD, 1
;MyProject.c,88 :: 		for (onesCnt = 3; onesCnt >= 0; onesCnt--)
0x00AE	0x3003      	MOVLW      3
0x00AF	0x00A0      	MOVWF      _onesCnt
0x00B0	0x3000      	MOVLW      0
0x00B1	0x00A1      	MOVWF      _onesCnt+1
L_main18:
0x00B2	0x3080      	MOVLW      128
0x00B3	0x0621      	XORWF      _onesCnt+1, 0
0x00B4	0x00F0      	MOVWF      R0
0x00B5	0x3080      	MOVLW      128
0x00B6	0x0270      	SUBWF      R0, 0
0x00B7	0x1D03      	BTFSS      STATUS, 2
0x00B8	0x28BB      	GOTO       L__main74
0x00B9	0x3000      	MOVLW      0
0x00BA	0x0220      	SUBWF      _onesCnt, 0
L__main74:
0x00BB	0x1C03      	BTFSS      STATUS, 0
0x00BC	0x28D2      	GOTO       L_main19
;MyProject.c,90 :: 		Ones = onesCnt;
0x00BD	0x0820      	MOVF       _onesCnt, 0
0x00BE	0x0085      	MOVWF      PORTA
;MyProject.c,91 :: 		sec;
0x00BF	0x300B      	MOVLW      11
0x00C0	0x00FB      	MOVWF      R11
0x00C1	0x3026      	MOVLW      38
0x00C2	0x00FC      	MOVWF      R12
0x00C3	0x305D      	MOVLW      93
0x00C4	0x00FD      	MOVWF      R13
L_main21:
0x00C5	0x0BFD      	DECFSZ     R13, 1
0x00C6	0x28C5      	GOTO       L_main21
0x00C7	0x0BFC      	DECFSZ     R12, 1
0x00C8	0x28C5      	GOTO       L_main21
0x00C9	0x0BFB      	DECFSZ     R11, 1
0x00CA	0x28C5      	GOTO       L_main21
0x00CB	0x0000      	NOP
0x00CC	0x0000      	NOP
;MyProject.c,88 :: 		for (onesCnt = 3; onesCnt >= 0; onesCnt--)
0x00CD	0x3001      	MOVLW      1
0x00CE	0x02A0      	SUBWF      _onesCnt, 1
0x00CF	0x1C03      	BTFSS      STATUS, 0
0x00D0	0x03A1      	DECF       _onesCnt+1, 1
;MyProject.c,92 :: 		}
0x00D1	0x28B2      	GOTO       L_main18
L_main19:
;MyProject.c,93 :: 		porte = 0;
0x00D2	0x0189      	CLRF       PORTE
;MyProject.c,94 :: 		ledY1 = 0;
0x00D3	0x1088      	BCF        PORTD, 1
;MyProject.c,95 :: 		ledG1 = 1;
0x00D4	0x1508      	BSF        PORTD, 2
;MyProject.c,96 :: 		south = 1 - south;
0x00D5	0x0828      	MOVF       _south, 0
0x00D6	0x3C01      	SUBLW      1
0x00D7	0x00A8      	MOVWF      _south
0x00D8	0x0829      	MOVF       _south+1, 0
0x00D9	0x1C03      	BTFSS      STATUS, 0
0x00DA	0x3E01      	ADDLW      1
0x00DB	0x01A9      	CLRF       _south+1
0x00DC	0x02A9      	SUBWF      _south+1, 1
;MyProject.c,97 :: 		}
L_main15:
;MyProject.c,98 :: 		}
L_main14:
;MyProject.c,99 :: 		}
0x00DD	0x29E3      	GOTO       L_main22
L_main3:
;MyProject.c,104 :: 		firstSwitch = 1;
0x00DE	0x3001      	MOVLW      1
0x00DF	0x00A2      	MOVWF      _firstSwitch
0x00E0	0x3000      	MOVLW      0
0x00E1	0x00A3      	MOVWF      _firstSwitch+1
;MyProject.c,106 :: 		porte = 1;
0x00E2	0x3001      	MOVLW      1
0x00E3	0x0089      	MOVWF      PORTE
;MyProject.c,107 :: 		portd = 0b1;
0x00E4	0x3001      	MOVLW      1
0x00E5	0x0088      	MOVWF      PORTD
;MyProject.c,108 :: 		for (tensCnt = 2; tensCnt >= 0 && statue; tensCnt--)
0x00E6	0x3002      	MOVLW      2
0x00E7	0x00A6      	MOVWF      _tensCnt
0x00E8	0x3000      	MOVLW      0
0x00E9	0x00A7      	MOVWF      _tensCnt+1
L_main23:
0x00EA	0x3080      	MOVLW      128
0x00EB	0x0627      	XORWF      _tensCnt+1, 0
0x00EC	0x00F0      	MOVWF      R0
0x00ED	0x3080      	MOVLW      128
0x00EE	0x0270      	SUBWF      R0, 0
0x00EF	0x1D03      	BTFSS      STATUS, 2
0x00F0	0x28F3      	GOTO       L__main75
0x00F1	0x3000      	MOVLW      0
0x00F2	0x0226      	SUBWF      _tensCnt, 0
L__main75:
0x00F3	0x1C03      	BTFSS      STATUS, 0
0x00F4	0x295C      	GOTO       L_main24
0x00F5	0x0824      	MOVF       _statue, 0
0x00F6	0x0425      	IORWF      _statue+1, 0
0x00F7	0x1903      	BTFSC      STATUS, 2
0x00F8	0x295C      	GOTO       L_main24
L__main67:
;MyProject.c,110 :: 		Tens = tensCnt;
0x00F9	0x0826      	MOVF       _tensCnt, 0
0x00FA	0x0087      	MOVWF      PORTC
;MyProject.c,111 :: 		if (tensCnt == 2)
0x00FB	0x3000      	MOVLW      0
0x00FC	0x0627      	XORWF      _tensCnt+1, 0
0x00FD	0x1D03      	BTFSS      STATUS, 2
0x00FE	0x2901      	GOTO       L__main76
0x00FF	0x3002      	MOVLW      2
0x0100	0x0626      	XORWF      _tensCnt, 0
L__main76:
0x0101	0x1D03      	BTFSS      STATUS, 2
0x0102	0x292F      	GOTO       L_main28
;MyProject.c,113 :: 		ledY2 = 1;
0x0103	0x1608      	BSF        PORTD, 4
;MyProject.c,114 :: 		for (onesCnt = 3; onesCnt >= 0 && statue; onesCnt--)
0x0104	0x3003      	MOVLW      3
0x0105	0x00A0      	MOVWF      _onesCnt
0x0106	0x3000      	MOVLW      0
0x0107	0x00A1      	MOVWF      _onesCnt+1
L_main29:
0x0108	0x3080      	MOVLW      128
0x0109	0x0621      	XORWF      _onesCnt+1, 0
0x010A	0x00F0      	MOVWF      R0
0x010B	0x3080      	MOVLW      128
0x010C	0x0270      	SUBWF      R0, 0
0x010D	0x1D03      	BTFSS      STATUS, 2
0x010E	0x2911      	GOTO       L__main77
0x010F	0x3000      	MOVLW      0
0x0110	0x0220      	SUBWF      _onesCnt, 0
L__main77:
0x0111	0x1C03      	BTFSS      STATUS, 0
0x0112	0x292C      	GOTO       L_main30
0x0113	0x0824      	MOVF       _statue, 0
0x0114	0x0425      	IORWF      _statue+1, 0
0x0115	0x1903      	BTFSC      STATUS, 2
0x0116	0x292C      	GOTO       L_main30
L__main66:
;MyProject.c,116 :: 		Ones = onesCnt;
0x0117	0x0820      	MOVF       _onesCnt, 0
0x0118	0x0085      	MOVWF      PORTA
;MyProject.c,117 :: 		sec;
0x0119	0x300B      	MOVLW      11
0x011A	0x00FB      	MOVWF      R11
0x011B	0x3026      	MOVLW      38
0x011C	0x00FC      	MOVWF      R12
0x011D	0x305D      	MOVLW      93
0x011E	0x00FD      	MOVWF      R13
L_main34:
0x011F	0x0BFD      	DECFSZ     R13, 1
0x0120	0x291F      	GOTO       L_main34
0x0121	0x0BFC      	DECFSZ     R12, 1
0x0122	0x291F      	GOTO       L_main34
0x0123	0x0BFB      	DECFSZ     R11, 1
0x0124	0x291F      	GOTO       L_main34
0x0125	0x0000      	NOP
0x0126	0x0000      	NOP
;MyProject.c,114 :: 		for (onesCnt = 3; onesCnt >= 0 && statue; onesCnt--)
0x0127	0x3001      	MOVLW      1
0x0128	0x02A0      	SUBWF      _onesCnt, 1
0x0129	0x1C03      	BTFSS      STATUS, 0
0x012A	0x03A1      	DECF       _onesCnt+1, 1
;MyProject.c,118 :: 		}
0x012B	0x2908      	GOTO       L_main29
L_main30:
;MyProject.c,119 :: 		ledY2 = 0;
0x012C	0x1208      	BCF        PORTD, 4
;MyProject.c,120 :: 		ledG2 = 1;
0x012D	0x1688      	BSF        PORTD, 5
;MyProject.c,121 :: 		}
0x012E	0x2957      	GOTO       L_main35
L_main28:
;MyProject.c,124 :: 		for (onesCnt = 9; onesCnt >= 0 && statue; onesCnt--)
0x012F	0x3009      	MOVLW      9
0x0130	0x00A0      	MOVWF      _onesCnt
0x0131	0x3000      	MOVLW      0
0x0132	0x00A1      	MOVWF      _onesCnt+1
L_main36:
0x0133	0x3080      	MOVLW      128
0x0134	0x0621      	XORWF      _onesCnt+1, 0
0x0135	0x00F0      	MOVWF      R0
0x0136	0x3080      	MOVLW      128
0x0137	0x0270      	SUBWF      R0, 0
0x0138	0x1D03      	BTFSS      STATUS, 2
0x0139	0x293C      	GOTO       L__main78
0x013A	0x3000      	MOVLW      0
0x013B	0x0220      	SUBWF      _onesCnt, 0
L__main78:
0x013C	0x1C03      	BTFSS      STATUS, 0
0x013D	0x2957      	GOTO       L_main37
0x013E	0x0824      	MOVF       _statue, 0
0x013F	0x0425      	IORWF      _statue+1, 0
0x0140	0x1903      	BTFSC      STATUS, 2
0x0141	0x2957      	GOTO       L_main37
L__main65:
;MyProject.c,126 :: 		Ones = onesCnt;
0x0142	0x0820      	MOVF       _onesCnt, 0
0x0143	0x0085      	MOVWF      PORTA
;MyProject.c,127 :: 		sec;
0x0144	0x300B      	MOVLW      11
0x0145	0x00FB      	MOVWF      R11
0x0146	0x3026      	MOVLW      38
0x0147	0x00FC      	MOVWF      R12
0x0148	0x305D      	MOVLW      93
0x0149	0x00FD      	MOVWF      R13
L_main41:
0x014A	0x0BFD      	DECFSZ     R13, 1
0x014B	0x294A      	GOTO       L_main41
0x014C	0x0BFC      	DECFSZ     R12, 1
0x014D	0x294A      	GOTO       L_main41
0x014E	0x0BFB      	DECFSZ     R11, 1
0x014F	0x294A      	GOTO       L_main41
0x0150	0x0000      	NOP
0x0151	0x0000      	NOP
;MyProject.c,124 :: 		for (onesCnt = 9; onesCnt >= 0 && statue; onesCnt--)
0x0152	0x3001      	MOVLW      1
0x0153	0x02A0      	SUBWF      _onesCnt, 1
0x0154	0x1C03      	BTFSS      STATUS, 0
0x0155	0x03A1      	DECF       _onesCnt+1, 1
;MyProject.c,128 :: 		}
0x0156	0x2933      	GOTO       L_main36
L_main37:
;MyProject.c,129 :: 		}
L_main35:
;MyProject.c,108 :: 		for (tensCnt = 2; tensCnt >= 0 && statue; tensCnt--)
0x0157	0x3001      	MOVLW      1
0x0158	0x02A6      	SUBWF      _tensCnt, 1
0x0159	0x1C03      	BTFSS      STATUS, 0
0x015A	0x03A7      	DECF       _tensCnt+1, 1
;MyProject.c,130 :: 		}
0x015B	0x28EA      	GOTO       L_main23
L_main24:
;MyProject.c,131 :: 		porte = 2;
0x015C	0x3002      	MOVLW      2
0x015D	0x0089      	MOVWF      PORTE
;MyProject.c,132 :: 		portd = 0b1000;
0x015E	0x3008      	MOVLW      8
0x015F	0x0088      	MOVWF      PORTD
;MyProject.c,133 :: 		for (tensCnt = 1; tensCnt >= 0 && statue; tensCnt--)
0x0160	0x3001      	MOVLW      1
0x0161	0x00A6      	MOVWF      _tensCnt
0x0162	0x3000      	MOVLW      0
0x0163	0x00A7      	MOVWF      _tensCnt+1
L_main42:
0x0164	0x3080      	MOVLW      128
0x0165	0x0627      	XORWF      _tensCnt+1, 0
0x0166	0x00F0      	MOVWF      R0
0x0167	0x3080      	MOVLW      128
0x0168	0x0270      	SUBWF      R0, 0
0x0169	0x1D03      	BTFSS      STATUS, 2
0x016A	0x296D      	GOTO       L__main79
0x016B	0x3000      	MOVLW      0
0x016C	0x0226      	SUBWF      _tensCnt, 0
L__main79:
0x016D	0x1C03      	BTFSS      STATUS, 0
0x016E	0x29DE      	GOTO       L_main43
0x016F	0x0824      	MOVF       _statue, 0
0x0170	0x0425      	IORWF      _statue+1, 0
0x0171	0x1903      	BTFSC      STATUS, 2
0x0172	0x29DE      	GOTO       L_main43
L__main64:
;MyProject.c,135 :: 		Tens = tensCnt;
0x0173	0x0826      	MOVF       _tensCnt, 0
0x0174	0x0087      	MOVWF      PORTC
;MyProject.c,136 :: 		if (tensCnt == 1)
0x0175	0x3000      	MOVLW      0
0x0176	0x0627      	XORWF      _tensCnt+1, 0
0x0177	0x1D03      	BTFSS      STATUS, 2
0x0178	0x297B      	GOTO       L__main80
0x0179	0x3001      	MOVLW      1
0x017A	0x0626      	XORWF      _tensCnt, 0
L__main80:
0x017B	0x1D03      	BTFSS      STATUS, 2
0x017C	0x29B1      	GOTO       L_main47
;MyProject.c,138 :: 		ledY1 = 1;
0x017D	0x1488      	BSF        PORTD, 1
;MyProject.c,139 :: 		for (onesCnt = 5; onesCnt >= 0 && statue; onesCnt--)
0x017E	0x3005      	MOVLW      5
0x017F	0x00A0      	MOVWF      _onesCnt
0x0180	0x3000      	MOVLW      0
0x0181	0x00A1      	MOVWF      _onesCnt+1
L_main48:
0x0182	0x3080      	MOVLW      128
0x0183	0x0621      	XORWF      _onesCnt+1, 0
0x0184	0x00F0      	MOVWF      R0
0x0185	0x3080      	MOVLW      128
0x0186	0x0270      	SUBWF      R0, 0
0x0187	0x1D03      	BTFSS      STATUS, 2
0x0188	0x298B      	GOTO       L__main81
0x0189	0x3000      	MOVLW      0
0x018A	0x0220      	SUBWF      _onesCnt, 0
L__main81:
0x018B	0x1C03      	BTFSS      STATUS, 0
0x018C	0x29B0      	GOTO       L_main49
0x018D	0x0824      	MOVF       _statue, 0
0x018E	0x0425      	IORWF      _statue+1, 0
0x018F	0x1903      	BTFSC      STATUS, 2
0x0190	0x29B0      	GOTO       L_main49
L__main63:
;MyProject.c,141 :: 		if (onesCnt == 2)
0x0191	0x3000      	MOVLW      0
0x0192	0x0621      	XORWF      _onesCnt+1, 0
0x0193	0x1D03      	BTFSS      STATUS, 2
0x0194	0x2997      	GOTO       L__main82
0x0195	0x3002      	MOVLW      2
0x0196	0x0620      	XORWF      _onesCnt, 0
L__main82:
0x0197	0x1D03      	BTFSS      STATUS, 2
0x0198	0x299B      	GOTO       L_main53
;MyProject.c,143 :: 		ledY1 = 0;
0x0199	0x1088      	BCF        PORTD, 1
;MyProject.c,144 :: 		ledG1 = 1;
0x019A	0x1508      	BSF        PORTD, 2
;MyProject.c,145 :: 		}
L_main53:
;MyProject.c,146 :: 		Ones = onesCnt;
0x019B	0x0820      	MOVF       _onesCnt, 0
0x019C	0x0085      	MOVWF      PORTA
;MyProject.c,147 :: 		sec;
0x019D	0x300B      	MOVLW      11
0x019E	0x00FB      	MOVWF      R11
0x019F	0x3026      	MOVLW      38
0x01A0	0x00FC      	MOVWF      R12
0x01A1	0x305D      	MOVLW      93
0x01A2	0x00FD      	MOVWF      R13
L_main54:
0x01A3	0x0BFD      	DECFSZ     R13, 1
0x01A4	0x29A3      	GOTO       L_main54
0x01A5	0x0BFC      	DECFSZ     R12, 1
0x01A6	0x29A3      	GOTO       L_main54
0x01A7	0x0BFB      	DECFSZ     R11, 1
0x01A8	0x29A3      	GOTO       L_main54
0x01A9	0x0000      	NOP
0x01AA	0x0000      	NOP
;MyProject.c,139 :: 		for (onesCnt = 5; onesCnt >= 0 && statue; onesCnt--)
0x01AB	0x3001      	MOVLW      1
0x01AC	0x02A0      	SUBWF      _onesCnt, 1
0x01AD	0x1C03      	BTFSS      STATUS, 0
0x01AE	0x03A1      	DECF       _onesCnt+1, 1
;MyProject.c,148 :: 		}
0x01AF	0x2982      	GOTO       L_main48
L_main49:
;MyProject.c,149 :: 		}
0x01B0	0x29D9      	GOTO       L_main55
L_main47:
;MyProject.c,152 :: 		for (onesCnt = 9; onesCnt >= 0 && statue; onesCnt--)
0x01B1	0x3009      	MOVLW      9
0x01B2	0x00A0      	MOVWF      _onesCnt
0x01B3	0x3000      	MOVLW      0
0x01B4	0x00A1      	MOVWF      _onesCnt+1
L_main56:
0x01B5	0x3080      	MOVLW      128
0x01B6	0x0621      	XORWF      _onesCnt+1, 0
0x01B7	0x00F0      	MOVWF      R0
0x01B8	0x3080      	MOVLW      128
0x01B9	0x0270      	SUBWF      R0, 0
0x01BA	0x1D03      	BTFSS      STATUS, 2
0x01BB	0x29BE      	GOTO       L__main83
0x01BC	0x3000      	MOVLW      0
0x01BD	0x0220      	SUBWF      _onesCnt, 0
L__main83:
0x01BE	0x1C03      	BTFSS      STATUS, 0
0x01BF	0x29D9      	GOTO       L_main57
0x01C0	0x0824      	MOVF       _statue, 0
0x01C1	0x0425      	IORWF      _statue+1, 0
0x01C2	0x1903      	BTFSC      STATUS, 2
0x01C3	0x29D9      	GOTO       L_main57
L__main62:
;MyProject.c,154 :: 		Ones = onesCnt;
0x01C4	0x0820      	MOVF       _onesCnt, 0
0x01C5	0x0085      	MOVWF      PORTA
;MyProject.c,155 :: 		sec;
0x01C6	0x300B      	MOVLW      11
0x01C7	0x00FB      	MOVWF      R11
0x01C8	0x3026      	MOVLW      38
0x01C9	0x00FC      	MOVWF      R12
0x01CA	0x305D      	MOVLW      93
0x01CB	0x00FD      	MOVWF      R13
L_main61:
0x01CC	0x0BFD      	DECFSZ     R13, 1
0x01CD	0x29CC      	GOTO       L_main61
0x01CE	0x0BFC      	DECFSZ     R12, 1
0x01CF	0x29CC      	GOTO       L_main61
0x01D0	0x0BFB      	DECFSZ     R11, 1
0x01D1	0x29CC      	GOTO       L_main61
0x01D2	0x0000      	NOP
0x01D3	0x0000      	NOP
;MyProject.c,152 :: 		for (onesCnt = 9; onesCnt >= 0 && statue; onesCnt--)
0x01D4	0x3001      	MOVLW      1
0x01D5	0x02A0      	SUBWF      _onesCnt, 1
0x01D6	0x1C03      	BTFSS      STATUS, 0
0x01D7	0x03A1      	DECF       _onesCnt+1, 1
;MyProject.c,156 :: 		}
0x01D8	0x29B5      	GOTO       L_main56
L_main57:
;MyProject.c,157 :: 		}
L_main55:
;MyProject.c,133 :: 		for (tensCnt = 1; tensCnt >= 0 && statue; tensCnt--)
0x01D9	0x3001      	MOVLW      1
0x01DA	0x02A6      	SUBWF      _tensCnt, 1
0x01DB	0x1C03      	BTFSS      STATUS, 0
0x01DC	0x03A7      	DECF       _tensCnt+1, 1
;MyProject.c,158 :: 		}
0x01DD	0x2964      	GOTO       L_main42
L_main43:
;MyProject.c,159 :: 		portd = 0;
0x01DE	0x0188      	CLRF       PORTD
;MyProject.c,160 :: 		portc = 255;
0x01DF	0x30FF      	MOVLW      255
0x01E0	0x0087      	MOVWF      PORTC
;MyProject.c,161 :: 		porta = 255;
0x01E1	0x30FF      	MOVLW      255
0x01E2	0x0085      	MOVWF      PORTA
;MyProject.c,162 :: 		}
L_main22:
;MyProject.c,163 :: 		}
0x01E3	0x2857      	GOTO       L_main1
;MyProject.c,164 :: 		}
L_end_main:
0x01E4	0x29E4      	GOTO       $+0
; end of _main
Symbol List:
//** Routines locations **
//ADDRESS    SIZE    PROCEDURE
//----------------------------------------------
0x0004      [25]    _interrupt
0x001D       [7]    _____DoICP
0x0024      [12]    ___CC2DW
0x0030     [437]    _main
//** Variables locations ** 
//ADDRESS    SIZE    VARIABLE
//----------------------------------------------
0x0000       [1]    INDF
0x0002       [1]    PCL
0x0003       [1]    STATUS
0x0004       [1]    FSR
0x0005       [1]    PORTA
0x0006       [1]    PORTB
0x0007       [1]    PORTC
0x0008       [1]    PORTD
0x0009       [1]    PORTE
0x000A       [1]    PCLATH
0x000B       [1]    INTCON
0x0020       [2]    _onesCnt
0x0022       [2]    _firstSwitch
0x0024       [2]    _statue
0x0026       [2]    _tensCnt
0x0028       [2]    _south
0x002A       [2]    ___DoICPAddr
0x002C       [1]    ___saveSTATUS
0x002D       [1]    ___savePCLATH
0x0070       [1]    R0
0x0071       [1]    R1
0x0072       [1]    R2
0x0073       [1]    R3
0x0074       [1]    R4
0x0075       [1]    R5
0x0076       [1]    R6
0x0077       [1]    R7
0x0078       [1]    R8
0x0079       [1]    R9
0x007A       [1]    R10
0x007B       [1]    R11
0x007C       [1]    R12
0x007D       [1]    R13
0x007E       [1]    R14
0x007F       [1]    R15
0x0081       [1]    OPTION_REG
0x0085       [1]    TRISA
0x0086       [1]    TRISB
0x0086       [0]    TRISB0_bit
0x0087       [1]    TRISC
0x0088       [1]    TRISD
0x0089       [1]    TRISE
//** Label List: ** 
//----------------------------------------------
  L_interrupt0
  L_main1
  L_main2
  L_main3
  L_main4
  L_main5
  L_main6
  L_main7
  L_main8
  L_main9
  L_main10
  L_main11
  L_main12
  L_main13
  L_main14
  L_main15
  L_main16
  L_main17
  L_main18
  L_main19
  L_main20
  L_main21
  L_main22
  L_main23
  L_main24
  L_main25
  L_main26
  L_main27
  L_main28
  L_main29
  L_main30
  L_main31
  L_main32
  L_main33
  L_main34
  L_main35
  L_main36
  L_main37
  L_main38
  L_main39
  L_main40
  L_main41
  L_main42
  L_main43
  L_main44
  L_main45
  L_main46
  L_main47
  L_main48
  L_main49
  L_main50
  L_main51
  L_main52
  L_main53
  L_main54
  L_main55
  L_main56
  L_main57
  L_main58
  L_main59
  L_main60
  L_main61
  L__main62
  L__main63
  L__main64
  L__main65
  L__main66
  L__main67
  L__main68
  L_end_interrupt
  _interrupt
  L__interrupt70
  L_end_main
  _main
  L__main72
  L__main73
  L__main74
  L__main75
  L__main76
  L__main77
  L__main78
  L__main79
  L__main80
  L__main81
  L__main82
  L__main83
  L_loopCA2AWs
  L_CA2AWend
  _CCA2AW_Loop1
  L_loopCS2Ss
  L_CS2Send
  _CCS2S_Loop1
  L_CCS2Send
  L_loopFZinSWs
  L_FZinSend
  _CC2D_Loop1
  L_end_____DoICP
  _____DoICP
  L_end_____DoIFC
  _____DoIFC
  L_end___CA2AW
  ___CA2AW
  L_end___CCA2AW
  ___CCA2AW
  L_end___CS2S
  ___CS2S
  L_end___CCS2S
  ___CCS2S
  L_end___FZinS
  ___FZinS
  L_end___CC2DW
  ___CC2DW
  L_end_Swap
  _Swap
  L_interrupt0
  L_main1
  L_main2
  L_main3
  L_main4
  L_main5
  L_main6
  L_main7
  L_main8
  L_main9
  L_main10
  L_main11
  L_main12
  L_main13
  L_main14
  L_main15
  L_main16
  L_main17
  L_main18
  L_main19
  L_main20
  L_main21
  L_main22
  L_main23
  L_main24
  L_main25
  L_main26
  L_main27
  L_main28
  L_main29
  L_main30
  L_main31
  L_main32
  L_main33
  L_main34
  L_main35
  L_main36
  L_main37
  L_main38
  L_main39
  L_main40
  L_main41
  L_main42
  L_main43
  L_main44
  L_main45
  L_main46
  L_main47
  L_main48
  L_main49
  L_main50
  L_main51
  L_main52
  L_main53
  L_main54
  L_main55
  L_main56
  L_main57
  L_main58
  L_main59
  L_main60
  L_main61
  L__main62
  L__main63
  L__main64
  L__main65
  L__main66
  L__main67
  L__main68
  L_end_interrupt
  _interrupt
  L__interrupt70
  L_end_main
  _main
  L__main72
  L__main73
  L__main74
  L__main75
  L__main76
  L__main77
  L__main78
  L__main79
  L__main80
  L__main81
  L__main82
  L__main83
